{
  "stats": {
    "suites": 1,
    "tests": 4,
    "passes": 4,
    "pending": 0,
    "failures": 0,
    "start": "2026-06-06T19:45:52.082Z",
    "end": "2026-06-06T19:45:52.087Z",
    "duration": 5,
    "testsRegistered": 4,
    "passPercent": 100,
    "pendingPercent": 0,
    "other": 0,
    "hasOther": false,
    "skipped": 0,
    "hasSkipped": false
  },
  "results": [
    {
      "uuid": "5a8097c3-0136-4095-b492-774e494c060b",
      "title": "",
      "fullFile": "D:\\projects\\04 - Integração Contínua\\trabalho_conclusao_pipeline\\desafio-pgats\\test\\usuarios.test.js",
      "file": "\\test\\usuarios.test.js",
      "beforeHooks": [],
      "afterHooks": [],
      "tests": [],
      "suites": [
        {
          "uuid": "30664db0-e40c-4b79-82ee-ad21b566325d",
          "title": "Testes de Login",
          "fullFile": "D:\\projects\\04 - Integração Contínua\\trabalho_conclusao_pipeline\\desafio-pgats\\test\\usuarios.test.js",
          "file": "\\test\\usuarios.test.js",
          "beforeHooks": [],
          "afterHooks": [],
          "tests": [
            {
              "title": "Deve realizar login com sucesso",
              "fullTitle": "Testes de Login Deve realizar login com sucesso",
              "timedOut": false,
              "duration": 1,
              "state": "passed",
              "speed": "fast",
              "pass": true,
              "fail": false,
              "pending": false,
              "context": null,
              "code": "const resultado = fazerLogin('joao.silva@teste.com', '123456');\nassert.equal(resultado, 'Login realizado com sucesso!');",
              "err": {},
              "uuid": "a1ea84dc-ef29-44be-a44d-892b98c5b1af",
              "parentUUID": "30664db0-e40c-4b79-82ee-ad21b566325d",
              "isHook": false,
              "skipped": false
            },
            {
              "title": "Deve exibir mensagem de credenciais expiradas",
              "fullTitle": "Testes de Login Deve exibir mensagem de credenciais expiradas",
              "timedOut": false,
              "duration": 1,
              "state": "passed",
              "speed": "fast",
              "pass": true,
              "fail": false,
              "pending": false,
              "context": null,
              "code": "assert.throws(\n            function(){ fazerLogin('maria.oliveira@teste.com', '654321') },\n            {\n                message: 'As credenciais estão expiradas!'\n            }\n        );",
              "err": {},
              "uuid": "e1baeb03-0c0c-41d1-a172-5f0f8b7c4c6f",
              "parentUUID": "30664db0-e40c-4b79-82ee-ad21b566325d",
              "isHook": false,
              "skipped": false
            },
            {
              "title": "Deve exibir mensagem de usuário não encontrado",
              "fullTitle": "Testes de Login Deve exibir mensagem de usuário não encontrado",
              "timedOut": false,
              "duration": 0,
              "state": "passed",
              "speed": "fast",
              "pass": true,
              "fail": false,
              "pending": false,
              "context": null,
              "code": "assert.throws(\n    function(){ fazerLogin('usuario.inexistente@teste.com', '123456') },\n    {\n        message: 'Usuário não encontrado!'\n    }\n);",
              "err": {},
              "uuid": "9af97f7c-9aaa-4977-8f74-832d3ac3253e",
              "parentUUID": "30664db0-e40c-4b79-82ee-ad21b566325d",
              "isHook": false,
              "skipped": false
            },
            {
              "title": "Deve exibir mensagem de senha incorreta",
              "fullTitle": "Testes de Login Deve exibir mensagem de senha incorreta",
              "timedOut": false,
              "duration": 0,
              "state": "passed",
              "speed": "fast",
              "pass": true,
              "fail": false,
              "pending": false,
              "context": null,
              "code": "assert.throws(\n    function(){ fazerLogin('joao.silva@teste.com', 'senhaIncorreta') },\n    {\n        message: 'Senha incorreta para o usuário encontrado!'\n    }\n);",
              "err": {},
              "uuid": "db484c47-ce83-42f8-9f91-745123216df6",
              "parentUUID": "30664db0-e40c-4b79-82ee-ad21b566325d",
              "isHook": false,
              "skipped": false
            }
          ],
          "suites": [],
          "passes": [
            "a1ea84dc-ef29-44be-a44d-892b98c5b1af",
            "e1baeb03-0c0c-41d1-a172-5f0f8b7c4c6f",
            "9af97f7c-9aaa-4977-8f74-832d3ac3253e",
            "db484c47-ce83-42f8-9f91-745123216df6"
          ],
          "failures": [],
          "pending": [],
          "skipped": [],
          "duration": 2,
          "root": false,
          "rootEmpty": false,
          "_timeout": 2000
        }
      ],
      "passes": [],
      "failures": [],
      "pending": [],
      "skipped": [],
      "duration": 0,
      "root": true,
      "rootEmpty": true,
      "_timeout": 2000
    }
  ],
  "meta": {
    "mocha": {
      "version": "11.7.5"
    },
    "mochawesome": {
      "options": {
        "quiet": true,
        "reportFilename": "mochawesome",
        "saveHtml": true,
        "saveJson": true,
        "consoleReporter": "spec",
        "useInlineDiffs": false,
        "code": true
      },
      "version": "7.1.4"
    },
    "marge": {
      "options": {
        "reportDir": "mochawesome-report",
        "reportFilename": "mochawesome",
        "quiet": "true",
        "overwrite": "false"
      },
      "version": "6.3.2"
    }
  }
}